2023-03-03 09:10:03.430 +0100 [debug] ([34mconfigs.js[0m) [31mloaded default configs as "{"updates":{"manifest_url":"https://cdn.freshdev.io/assets/fdk/updates.json","period":24},"log":{"level":"info"},"javascript":{"ecma_version":2020},"request":{"timeout":5000}}"[0m
2023-03-03 09:10:03.431 +0100 [debug] ([34mfile.js[0m) [31mError while requiring /Users/adriennhem/.fdk/configs.json: Cannot find module '/Users/adriennhem/.fdk/configs.json'
Require stack:
- /Users/adriennhem/.nvm/versions/node/v15.14.0/lib/node_modules/fdk/lib/utils/file.js
- /Users/adriennhem/.nvm/versions/node/v15.14.0/lib/node_modules/fdk/lib/configs.js
- /Users/adriennhem/.nvm/versions/node/v15.14.0/lib/node_modules/fdk/lib/logger.js
- /Users/adriennhem/.nvm/versions/node/v15.14.0/lib/node_modules/fdk/index.js[0m
2023-03-03 09:10:03.431 +0100 [debug] ([34mconfigs.js[0m) [31mloaded global configs as "{}"[0m
2023-03-03 09:10:03.431 +0100 [debug] ([34mfile.js[0m) [31mError while requiring /Users/adriennhem/Sites/screendesk-zendesk/.fdk/configs.json: Cannot find module '/Users/adriennhem/Sites/screendesk-zendesk/.fdk/configs.json'
Require stack:
- /Users/adriennhem/.nvm/versions/node/v15.14.0/lib/node_modules/fdk/lib/utils/file.js
- /Users/adriennhem/.nvm/versions/node/v15.14.0/lib/node_modules/fdk/lib/configs.js
- /Users/adriennhem/.nvm/versions/node/v15.14.0/lib/node_modules/fdk/lib/logger.js
- /Users/adriennhem/.nvm/versions/node/v15.14.0/lib/node_modules/fdk/index.js[0m
2023-03-03 09:10:03.432 +0100 [debug] ([34mconfigs.js[0m) [31mloaded local configs as "{}"[0m
2023-03-03 09:10:03.432 +0100 [debug] ([34mconfigs.js[0m) [31mloaded env configs as "{"updates":{},"log":{},"javascript":{},"request":{"timeout":5000}}"[0m
2023-03-03 09:10:03.432 +0100 [debug] ([34mconfigs.js[0m) [31mloaded resolved configs as "{"updates":{"manifest_url":"https://cdn.freshdev.io/assets/fdk/updates.json","period":24},"log":{"level":"info"},"javascript":{"ecma_version":2020},"request":{"timeout":5000}}"[0m
2023-03-03 09:10:03.432 +0100 [debug] ([34mlogger.js[0m) [31mStarting FDK in node v15.14.0 on darwin[0m
2023-03-03 09:10:03.432 +0100 [debug] ([34msequelize.js[0m) [31msetting up sqilite at "/Users/adriennhem/Sites/screendesk-zendesk/.fdk/store.sqlite"[0m
2023-03-03 09:10:03.432 +0100 [error] [31m[ERROR][0m  Node.js version of 18.x.x is required to run this SDK. v15.14.0 found.
